2025-11-29 12:37:26 - werkzeug - INFO - [31m[1mWARNING: This is a development server. Do not use it in a production deployment. Use a production WSGI server instead.[0m
 * Running on all addresses (0.0.0.0)
 * Running on http://127.0.0.1:5000
 * Running on http://172.20.10.14:5000
2025-11-29 12:37:26 - werkzeug - INFO - [33mPress CTRL+C to quit[0m
2025-11-29 12:37:42 - root - INFO - Invoek get_knowledeg_base_list
2025-11-29 12:37:46 - root - INFO - ['raw']
2025-11-29 12:37:47 - werkzeug - INFO - 127.0.0.1 - - [29/Nov/2025 12:37:47] "GET /api/knowledge-base HTTP/1.1" 200 -
2025-11-29 12:38:49 - root - INFO - Êñá‰ª∂Â∑≤‰øùÂ≠ò: uploads\22.pdf
2025-11-29 12:38:49 - werkzeug - INFO - 127.0.0.1 - - [29/Nov/2025 12:38:49] "POST /api/upload-file HTTP/1.1" 200 -
2025-11-29 12:38:54 - root - INFO - ÊàêÂäüËΩ¨Êç¢PDF‰∏∫ 3 Âº†ÂõæÁâá
2025-11-29 12:38:58 - root - INFO - Ê≠£Âú®ÂàÜÊûêÁ¨¨ 1/3 È°µ...
2025-11-29 12:39:04 - httpx - INFO - HTTP Request: POST https://dashscope.aliyuncs.com/compatible-mode/v1/chat/completions "HTTP/1.1 200 OK"
2025-11-29 12:39:04 - root - INFO - ÂõæÁâáÂàÜÊûêÂÆåÊàêÔºåÂ≠óÁ¨¶Êï∞: 2618
2025-11-29 12:39:04 - root - INFO - Á¨¨ 1 È°µÂàÜÊûêÂÆåÊàê
2025-11-29 12:39:04 - root - INFO - Ê≠£Âú®ÂàÜÊûêÁ¨¨ 2/3 È°µ...
2025-11-29 12:39:09 - httpx - INFO - HTTP Request: POST https://dashscope.aliyuncs.com/compatible-mode/v1/chat/completions "HTTP/1.1 200 OK"
2025-11-29 12:39:09 - root - INFO - ÂõæÁâáÂàÜÊûêÂÆåÊàêÔºåÂ≠óÁ¨¶Êï∞: 2754
2025-11-29 12:39:09 - root - INFO - Á¨¨ 2 È°µÂàÜÊûêÂÆåÊàê
2025-11-29 12:39:09 - root - INFO - Ê≠£Âú®ÂàÜÊûêÁ¨¨ 3/3 È°µ...
2025-11-29 12:39:15 - httpx - INFO - HTTP Request: POST https://dashscope.aliyuncs.com/compatible-mode/v1/chat/completions "HTTP/1.1 200 OK"
2025-11-29 12:39:15 - root - INFO - ÂõæÁâáÂàÜÊûêÂÆåÊàêÔºåÂ≠óÁ¨¶Êï∞: 2184
2025-11-29 12:39:15 - root - INFO - Á¨¨ 3 È°µÂàÜÊûêÂÆåÊàê
2025-11-29 12:39:15 - root - INFO - Ê≠£Âú®Ê±áÊÄªÊâÄÊúâÈ°µÈù¢ÂÜÖÂÆπ...
2025-11-29 12:39:40 - httpx - INFO - HTTP Request: POST https://dashscope.aliyuncs.com/compatible-mode/v1/chat/completions "HTTP/1.1 200 OK"
2025-11-29 12:39:40 - root - INFO - ÂÜÖÂÆπÊ±áÊÄªÂÆåÊàêÔºåÂ≠óÁ¨¶Êï∞: 6077
2025-11-29 12:39:56 - root - INFO - ‰∏¥Êó∂Êñá‰ª∂Â∑≤Ê∏ÖÁêÜ
2025-11-29 13:01:30 - werkzeug - INFO - [31m[1mWARNING: This is a development server. Do not use it in a production deployment. Use a production WSGI server instead.[0m
 * Running on all addresses (0.0.0.0)
 * Running on http://127.0.0.1:5000
 * Running on http://172.20.10.14:5000
2025-11-29 13:01:30 - werkzeug - INFO - [33mPress CTRL+C to quit[0m
2025-11-29 13:50:56 - root - INFO - Invoek get_knowledeg_base_list
2025-11-29 13:50:56 - root - INFO - ['raw']
2025-11-29 13:50:59 - root - INFO - ‚ùå Êü•ËØ¢ËΩ¨Â≠óÂÖ∏Â§±Ë¥•: Execution failed on sql: select id::TEXT as id, name, content from knowledge_base where "type" = %s order by id desc
could not receive data from server: Software caused connection abort (0x00002745/10053)
SSL SYSCALL error: Software caused connection abort (0x00002745/10053)

unable to rollback
2025-11-29 13:50:59 - werkzeug - INFO - 127.0.0.1 - - [29/Nov/2025 13:50:59] "GET /api/knowledge-base?type=raw HTTP/1.1" 200 -
2025-11-29 13:51:00 - root - INFO - Invoek get_knowledeg_base_list
2025-11-29 13:51:00 - root - INFO - ['raw']
2025-11-29 13:51:00 - root - INFO - ‚ùå Êü•ËØ¢ËΩ¨Â≠óÂÖ∏Â§±Ë¥•: Execution failed on sql: select id::TEXT as id, name, content from knowledge_base where "type" = %s order by id desc
could not receive data from server: Software caused connection abort (0x00002745/10053)
SSL SYSCALL error: Software caused connection abort (0x00002745/10053)

unable to rollback
2025-11-29 13:51:00 - werkzeug - INFO - 127.0.0.1 - - [29/Nov/2025 13:51:00] "GET /api/knowledge-base?type=raw HTTP/1.1" 200 -
2025-11-29 13:51:05 - root - INFO - Invoek get_knowledeg_base_list
2025-11-29 13:51:05 - root - INFO - ['raw']
2025-11-29 13:51:21 - werkzeug - INFO - 127.0.0.1 - - [29/Nov/2025 13:51:21] "GET /api/knowledge-base?type=raw HTTP/1.1" 200 -
2025-11-29 13:51:40 - app - ERROR - Exception on /api/knowledge-base/57 [DELETE]
Traceback (most recent call last):
  File "e:\py_project\ai\utils\db_util.py", line 69, in execute_sql
    cursor.execute(query, params or ())
psycopg2.OperationalError: could not receive data from server: Software caused connection abort (0x00002745/10053)
SSL SYSCALL error: Software caused connection abort (0x00002745/10053)


During handling of the above exception, another exception occurred:

Traceback (most recent call last):
  File "e:\venv\ai_venv\Lib\site-packages\flask\app.py", line 1511, in wsgi_app
    response = self.full_dispatch_request()
               ^^^^^^^^^^^^^^^^^^^^^^^^^^^^
  File "e:\venv\ai_venv\Lib\site-packages\flask\app.py", line 919, in full_dispatch_request
    rv = self.handle_user_exception(e)
         ^^^^^^^^^^^^^^^^^^^^^^^^^^^^^
  File "e:\venv\ai_venv\Lib\site-packages\flask\app.py", line 917, in full_dispatch_request
    rv = self.dispatch_request()
         ^^^^^^^^^^^^^^^^^^^^^^^
  File "e:\venv\ai_venv\Lib\site-packages\flask\app.py", line 902, in dispatch_request
    return self.ensure_sync(self.view_functions[rule.endpoint])(**view_args)  # type: ignore[no-any-return]
           ^^^^^^^^^^^^^^^^^^^^^^^^^^^^^^^^^^^^^^^^^^^^^^^^^^^^^^^^^^^^^^^^^
  File "e:\py_project\ai\app.py", line 79, in delete_knowledge_base
    row_count = knowlege_base_dao.delete_knowledge_base(int(id))
                ^^^^^^^^^^^^^^^^^^^^^^^^^^^^^^^^^^^^^^^^^^^^^^^^
  File "e:\py_project\ai\dao\knowlege_base_dao.py", line 36, in delete_knowledge_base
    document_dao.delete_document_vb(knowledge_base_id=id)
  File "e:\py_project\ai\dao\document_dao.py", line 20, in delete_document_vb
    pg.execute_sql(sql, params)
  File "e:\py_project\ai\utils\db_util.py", line 84, in execute_sql
    conn.rollback()
psycopg2.InterfaceError: connection already closed
2025-11-29 13:51:41 - werkzeug - INFO - 127.0.0.1 - - [29/Nov/2025 13:51:41] "[35m[1mDELETE /api/knowledge-base/57 HTTP/1.1[0m" 500 -
2025-11-29 13:51:52 - app - ERROR - Exception on /api/knowledge-base/57 [DELETE]
Traceback (most recent call last):
  File "e:\py_project\ai\utils\db_util.py", line 69, in execute_sql
    cursor.execute(query, params or ())
psycopg2.OperationalError: could not receive data from server: Software caused connection abort (0x00002745/10053)
SSL SYSCALL error: Software caused connection abort (0x00002745/10053)


During handling of the above exception, another exception occurred:

Traceback (most recent call last):
  File "e:\venv\ai_venv\Lib\site-packages\flask\app.py", line 1511, in wsgi_app
    response = self.full_dispatch_request()
               ^^^^^^^^^^^^^^^^^^^^^^^^^^^^
  File "e:\venv\ai_venv\Lib\site-packages\flask\app.py", line 919, in full_dispatch_request
    rv = self.handle_user_exception(e)
         ^^^^^^^^^^^^^^^^^^^^^^^^^^^^^
  File "e:\venv\ai_venv\Lib\site-packages\flask\app.py", line 917, in full_dispatch_request
    rv = self.dispatch_request()
         ^^^^^^^^^^^^^^^^^^^^^^^
  File "e:\venv\ai_venv\Lib\site-packages\flask\app.py", line 902, in dispatch_request
    return self.ensure_sync(self.view_functions[rule.endpoint])(**view_args)  # type: ignore[no-any-return]
           ^^^^^^^^^^^^^^^^^^^^^^^^^^^^^^^^^^^^^^^^^^^^^^^^^^^^^^^^^^^^^^^^^
  File "e:\py_project\ai\app.py", line 79, in delete_knowledge_base
    row_count = knowlege_base_dao.delete_knowledge_base(int(id))
                ^^^^^^^^^^^^^^^^^^^^^^^^^^^^^^^^^^^^^^^^^^^^^^^^
  File "e:\py_project\ai\dao\knowlege_base_dao.py", line 36, in delete_knowledge_base
    document_dao.delete_document_vb(knowledge_base_id=id)
  File "e:\py_project\ai\dao\document_dao.py", line 20, in delete_document_vb
    pg.execute_sql(sql, params)
  File "e:\py_project\ai\utils\db_util.py", line 84, in execute_sql
    conn.rollback()
psycopg2.InterfaceError: connection already closed
2025-11-29 13:51:52 - werkzeug - INFO - 127.0.0.1 - - [29/Nov/2025 13:51:52] "[35m[1mDELETE /api/knowledge-base/57 HTTP/1.1[0m" 500 -
2025-11-29 13:53:12 - root - INFO - Invoek get_knowledeg_base_list
2025-11-29 13:53:12 - root - INFO - ['raw']
2025-11-29 13:53:12 - root - INFO - ‚ùå Êü•ËØ¢ËΩ¨Â≠óÂÖ∏Â§±Ë¥•: Execution failed on sql: select id::TEXT as id, name, content from knowledge_base where "type" = %s order by id desc
server closed the connection unexpectedly
	This probably means the server terminated abnormally
	before or while processing the request.
server closed the connection unexpectedly
	This probably means the server terminated abnormally
	before or while processing the request.

unable to rollback
2025-11-29 13:53:12 - werkzeug - INFO - 127.0.0.1 - - [29/Nov/2025 13:53:12] "GET /api/knowledge-base?type=raw HTTP/1.1" 200 -
2025-11-29 13:53:27 - root - INFO - Invoek get_knowledeg_base_list
2025-11-29 13:53:27 - root - INFO - ['raw']
2025-11-29 13:53:30 - werkzeug - INFO - 127.0.0.1 - - [29/Nov/2025 13:53:30] "GET /api/knowledge-base?type=raw HTTP/1.1" 200 -
2025-11-29 13:53:37 - root - INFO - Invoek get_knowledeg_base_list
2025-11-29 13:53:37 - root - INFO - ['raw']
2025-11-29 13:53:38 - werkzeug - INFO - 127.0.0.1 - - [29/Nov/2025 13:53:38] "GET /api/knowledge-base?type=raw HTTP/1.1" 200 -
2025-11-29 13:53:47 - werkzeug - INFO - 127.0.0.1 - - [29/Nov/2025 13:53:47] "DELETE /api/knowledge-base/57 HTTP/1.1" 200 -
2025-11-29 13:53:48 - root - INFO - Invoek get_knowledeg_base_list
2025-11-29 13:53:48 - root - INFO - ['raw']
2025-11-29 13:53:49 - werkzeug - INFO - 127.0.0.1 - - [29/Nov/2025 13:53:49] "GET /api/knowledge-base?type=raw HTTP/1.1" 200 -
2025-11-29 13:53:52 - werkzeug - INFO - 127.0.0.1 - - [29/Nov/2025 13:53:52] "DELETE /api/knowledge-base/55 HTTP/1.1" 200 -
2025-11-29 13:53:53 - root - INFO - Invoek get_knowledeg_base_list
2025-11-29 13:53:53 - root - INFO - ['raw']
2025-11-29 13:53:54 - werkzeug - INFO - 127.0.0.1 - - [29/Nov/2025 13:53:54] "GET /api/knowledge-base?type=raw HTTP/1.1" 200 -
2025-11-29 13:53:58 - werkzeug - INFO - 127.0.0.1 - - [29/Nov/2025 13:53:58] "DELETE /api/knowledge-base/54 HTTP/1.1" 200 -
2025-11-29 13:53:58 - root - INFO - Invoek get_knowledeg_base_list
2025-11-29 13:53:58 - root - INFO - ['raw']
2025-11-29 13:53:59 - werkzeug - INFO - 127.0.0.1 - - [29/Nov/2025 13:53:59] "GET /api/knowledge-base?type=raw HTTP/1.1" 200 -
2025-11-29 13:54:02 - werkzeug - INFO - 127.0.0.1 - - [29/Nov/2025 13:54:02] "DELETE /api/knowledge-base/52 HTTP/1.1" 200 -
2025-11-29 13:54:04 - root - INFO - Invoek get_knowledeg_base_list
2025-11-29 13:54:04 - root - INFO - ['raw']
2025-11-29 13:54:05 - werkzeug - INFO - 127.0.0.1 - - [29/Nov/2025 13:54:05] "GET /api/knowledge-base?type=raw HTTP/1.1" 200 -
2025-11-29 13:54:07 - root - INFO - Invoek get_knowledeg_base_list
2025-11-29 13:54:07 - root - INFO - ['processed']
2025-11-29 13:54:07 - werkzeug - INFO - 127.0.0.1 - - [29/Nov/2025 13:54:07] "GET /api/knowledge-base?type=processed HTTP/1.1" 200 -
2025-11-29 13:54:10 - root - INFO - Invoek get_knowledeg_base_list
2025-11-29 13:54:10 - root - INFO - ['processed']
2025-11-29 13:54:10 - werkzeug - INFO - 127.0.0.1 - - [29/Nov/2025 13:54:10] "GET /api/knowledge-base?type=processed HTTP/1.1" 200 -
2025-11-29 13:54:13 - werkzeug - INFO - 127.0.0.1 - - [29/Nov/2025 13:54:13] "DELETE /api/knowledge-base/56 HTTP/1.1" 200 -
2025-11-29 13:54:14 - root - INFO - Invoek get_knowledeg_base_list
2025-11-29 13:54:14 - root - INFO - ['processed']
2025-11-29 13:54:15 - werkzeug - INFO - 127.0.0.1 - - [29/Nov/2025 13:54:15] "GET /api/knowledge-base?type=processed HTTP/1.1" 200 -
2025-11-29 13:54:18 - werkzeug - INFO - 127.0.0.1 - - [29/Nov/2025 13:54:18] "DELETE /api/knowledge-base/53 HTTP/1.1" 200 -
2025-11-29 13:54:19 - root - INFO - Invoek get_knowledeg_base_list
2025-11-29 13:54:19 - root - INFO - ['processed']
2025-11-29 13:54:20 - werkzeug - INFO - 127.0.0.1 - - [29/Nov/2025 13:54:20] "GET /api/knowledge-base?type=processed HTTP/1.1" 200 -
2025-11-29 13:54:23 - werkzeug - INFO - 127.0.0.1 - - [29/Nov/2025 13:54:23] "DELETE /api/knowledge-base/51 HTTP/1.1" 200 -
2025-11-29 13:54:24 - root - INFO - Invoek get_knowledeg_base_list
2025-11-29 13:54:24 - root - INFO - ['processed']
2025-11-29 13:54:25 - werkzeug - INFO - 127.0.0.1 - - [29/Nov/2025 13:54:25] "GET /api/knowledge-base?type=processed HTTP/1.1" 200 -
2025-11-29 13:54:28 - werkzeug - INFO - 127.0.0.1 - - [29/Nov/2025 13:54:28] "DELETE /api/knowledge-base/50 HTTP/1.1" 200 -
2025-11-29 13:54:28 - root - INFO - Invoek get_knowledeg_base_list
2025-11-29 13:54:28 - root - INFO - ['processed']
2025-11-29 13:54:29 - werkzeug - INFO - 127.0.0.1 - - [29/Nov/2025 13:54:29] "GET /api/knowledge-base?type=processed HTTP/1.1" 200 -
2025-11-29 13:54:32 - werkzeug - INFO - 127.0.0.1 - - [29/Nov/2025 13:54:32] "DELETE /api/knowledge-base/49 HTTP/1.1" 200 -
2025-11-29 13:54:34 - root - INFO - Invoek get_knowledeg_base_list
2025-11-29 13:54:34 - root - INFO - ['processed']
2025-11-29 13:54:34 - werkzeug - INFO - 127.0.0.1 - - [29/Nov/2025 13:54:34] "GET /api/knowledge-base?type=processed HTTP/1.1" 200 -
2025-11-29 13:54:35 - root - INFO - Invoek get_knowledeg_base_list
2025-11-29 13:54:35 - root - INFO - ['raw']
2025-11-29 13:54:36 - werkzeug - INFO - 127.0.0.1 - - [29/Nov/2025 13:54:36] "GET /api/knowledge-base?type=raw HTTP/1.1" 200 -
2025-11-29 13:54:37 - root - INFO - Invoek get_knowledeg_base_list
2025-11-29 13:54:37 - root - INFO - ['raw']
2025-11-29 13:54:37 - werkzeug - INFO - 127.0.0.1 - - [29/Nov/2025 13:54:37] "GET /api/knowledge-base?type=raw HTTP/1.1" 200 -
2025-11-29 13:56:16 - root - INFO - Êñá‰ª∂Â∑≤‰øùÂ≠ò: uploads\faq-antd-form.txt
2025-11-29 13:56:16 - root - INFO - Êñá‰ª∂Â∑≤‰øùÂ≠ò: uploads\faq-antd-table.txt
2025-11-29 13:56:16 - root - INFO - Êñá‰ª∂Â∑≤‰øùÂ≠ò: uploads\faq-antd-upload.txt
2025-11-29 13:56:16 - root - INFO - Êñá‰ª∂Â∑≤‰øùÂ≠ò: uploads\faq-shadcn.txt
2025-11-29 13:56:16 - root - INFO - Êñá‰ª∂Â∑≤‰øùÂ≠ò: uploads\faq-antd.txt
2025-11-29 13:56:16 - werkzeug - INFO - 127.0.0.1 - - [29/Nov/2025 13:56:16] "POST /api/upload-file HTTP/1.1" 200 -
2025-11-29 13:56:17 - root - INFO - Invoek get_knowledeg_base_list
2025-11-29 13:56:17 - root - INFO - ['raw']
2025-11-29 13:56:18 - werkzeug - INFO - 127.0.0.1 - - [29/Nov/2025 13:56:18] "GET /api/knowledge-base?type=raw HTTP/1.1" 200 -
2025-11-29 13:56:48 - httpx - INFO - HTTP Request: POST https://dashscope.aliyuncs.com/compatible-mode/v1/chat/completions "HTTP/1.1 200 OK"
2025-11-29 13:56:48 - root - INFO - ÂÜÖÂÆπÊ±áÊÄªÂÆåÊàêÔºåÂ≠óÁ¨¶Êï∞: 4772
2025-11-29 13:56:48 - root - INFO - Invoek get_knowledeg_base_list
2025-11-29 13:56:48 - root - INFO - ['raw']
2025-11-29 13:56:48 - werkzeug - INFO - 127.0.0.1 - - [29/Nov/2025 13:56:48] "GET /api/knowledge-base?type=raw HTTP/1.1" 200 -
2025-11-29 13:57:00 - werkzeug - INFO - 127.0.0.1 - - [29/Nov/2025 13:57:00] "DELETE /api/knowledge-base/58 HTTP/1.1" 200 -
2025-11-29 13:57:01 - root - INFO - Invoek get_knowledeg_base_list
2025-11-29 13:57:01 - root - INFO - ['raw']
2025-11-29 13:57:01 - werkzeug - INFO - 127.0.0.1 - - [29/Nov/2025 13:57:01] "GET /api/knowledge-base?type=raw HTTP/1.1" 200 -
2025-11-29 13:57:04 - root - INFO - ‰∏¥Êó∂Êñá‰ª∂Â∑≤Ê∏ÖÁêÜ
2025-11-29 13:57:10 - root - INFO - Êñá‰ª∂Â∑≤‰øùÂ≠ò: uploads\faq-antd.txt
2025-11-29 13:57:10 - werkzeug - INFO - 127.0.0.1 - - [29/Nov/2025 13:57:10] "POST /api/upload-file HTTP/1.1" 200 -
2025-11-29 13:57:11 - root - INFO - Invoek get_knowledeg_base_list
2025-11-29 13:57:11 - root - INFO - ['raw']
2025-11-29 13:57:11 - werkzeug - INFO - 127.0.0.1 - - [29/Nov/2025 13:57:11] "GET /api/knowledge-base?type=raw HTTP/1.1" 200 -
2025-11-29 13:57:16 - root - INFO - Invoek get_knowledeg_base_list
2025-11-29 13:57:16 - root - INFO - ['raw']
2025-11-29 13:57:16 - werkzeug - INFO - 127.0.0.1 - - [29/Nov/2025 13:57:16] "GET /api/knowledge-base?type=raw HTTP/1.1" 200 -
2025-11-29 13:57:21 - root - INFO - Êñá‰ª∂Â∑≤‰øùÂ≠ò: uploads\faq-antd-form.txt
2025-11-29 13:57:21 - werkzeug - INFO - 127.0.0.1 - - [29/Nov/2025 13:57:21] "POST /api/upload-file HTTP/1.1" 200 -
2025-11-29 13:57:22 - root - INFO - Invoek get_knowledeg_base_list
2025-11-29 13:57:22 - root - INFO - ['raw']
2025-11-29 13:57:22 - werkzeug - INFO - 127.0.0.1 - - [29/Nov/2025 13:57:22] "GET /api/knowledge-base?type=raw HTTP/1.1" 200 -
2025-11-29 13:57:28 - root - INFO - Êñá‰ª∂Â∑≤‰øùÂ≠ò: uploads\faq-antd-table.txt
2025-11-29 13:57:28 - werkzeug - INFO - 127.0.0.1 - - [29/Nov/2025 13:57:28] "POST /api/upload-file HTTP/1.1" 200 -
2025-11-29 13:57:29 - root - INFO - Invoek get_knowledeg_base_list
2025-11-29 13:57:29 - root - INFO - ['raw']
2025-11-29 13:57:29 - werkzeug - INFO - 127.0.0.1 - - [29/Nov/2025 13:57:29] "GET /api/knowledge-base?type=raw HTTP/1.1" 200 -
2025-11-29 13:57:33 - root - INFO - Êñá‰ª∂Â∑≤‰øùÂ≠ò: uploads\faq-antd-upload.txt
2025-11-29 13:57:33 - werkzeug - INFO - 127.0.0.1 - - [29/Nov/2025 13:57:33] "POST /api/upload-file HTTP/1.1" 200 -
2025-11-29 13:57:35 - root - INFO - Invoek get_knowledeg_base_list
2025-11-29 13:57:35 - root - INFO - ['raw']
2025-11-29 13:57:35 - werkzeug - INFO - 127.0.0.1 - - [29/Nov/2025 13:57:35] "GET /api/knowledge-base?type=raw HTTP/1.1" 200 -
2025-11-29 13:57:40 - root - INFO - Êñá‰ª∂Â∑≤‰øùÂ≠ò: uploads\faq-shadcn.txt
2025-11-29 13:57:40 - werkzeug - INFO - 127.0.0.1 - - [29/Nov/2025 13:57:40] "POST /api/upload-file HTTP/1.1" 200 -
2025-11-29 13:57:41 - root - INFO - Invoek get_knowledeg_base_list
2025-11-29 13:57:41 - root - INFO - ['raw']
2025-11-29 13:57:42 - werkzeug - INFO - 127.0.0.1 - - [29/Nov/2025 13:57:42] "GET /api/knowledge-base?type=raw HTTP/1.1" 200 -
2025-11-29 13:57:51 - root - INFO - Invoek get_knowledeg_base_list
2025-11-29 13:57:51 - root - INFO - ['raw']
2025-11-29 13:57:52 - werkzeug - INFO - 127.0.0.1 - - [29/Nov/2025 13:57:52] "GET /api/knowledge-base?type=raw HTTP/1.1" 200 -
2025-11-29 13:57:54 - httpx - INFO - HTTP Request: POST https://dashscope.aliyuncs.com/compatible-mode/v1/chat/completions "HTTP/1.1 200 OK"
2025-11-29 13:57:54 - root - INFO - ÂÜÖÂÆπÊ±áÊÄªÂÆåÊàêÔºåÂ≠óÁ¨¶Êï∞: 2566
2025-11-29 13:57:55 - root - INFO - Invoek get_knowledeg_base_list
2025-11-29 13:57:55 - root - INFO - ['raw']
2025-11-29 13:57:56 - werkzeug - INFO - 127.0.0.1 - - [29/Nov/2025 13:57:56] "GET /api/knowledge-base?type=raw HTTP/1.1" 200 -
2025-11-29 13:58:01 - root - INFO - Invoek get_knowledeg_base_list
2025-11-29 13:58:01 - root - INFO - ['raw']
2025-11-29 13:58:01 - werkzeug - INFO - 127.0.0.1 - - [29/Nov/2025 13:58:01] "GET /api/knowledge-base?type=raw HTTP/1.1" 200 -
2025-11-29 13:58:02 - root - INFO - ‰∏¥Êó∂Êñá‰ª∂Â∑≤Ê∏ÖÁêÜ
2025-11-29 13:58:04 - httpx - INFO - HTTP Request: POST https://dashscope.aliyuncs.com/compatible-mode/v1/chat/completions "HTTP/1.1 200 OK"
2025-11-29 13:58:04 - root - INFO - ÂÜÖÂÆπÊ±áÊÄªÂÆåÊàêÔºåÂ≠óÁ¨¶Êï∞: 10375
2025-11-29 13:58:04 - root - INFO - Invoek get_knowledeg_base_list
2025-11-29 13:58:04 - root - INFO - ['raw']
2025-11-29 13:58:05 - werkzeug - INFO - 127.0.0.1 - - [29/Nov/2025 13:58:05] "GET /api/knowledge-base?type=raw HTTP/1.1" 200 -
2025-11-29 13:58:07 - root - INFO - Invoek get_knowledeg_base_list
2025-11-29 13:58:07 - root - INFO - ['raw']
2025-11-29 13:58:08 - werkzeug - INFO - 127.0.0.1 - - [29/Nov/2025 13:58:08] "GET /api/knowledge-base?type=raw HTTP/1.1" 200 -
2025-11-29 13:58:10 - root - INFO - Invoek get_knowledeg_base_list
2025-11-29 13:58:10 - root - INFO - ['raw']
2025-11-29 13:58:10 - werkzeug - INFO - 127.0.0.1 - - [29/Nov/2025 13:58:10] "GET /api/knowledge-base?type=raw HTTP/1.1" 200 -
2025-11-29 13:58:13 - root - INFO - Invoek get_knowledeg_base_list
2025-11-29 13:58:13 - root - INFO - ['raw']
2025-11-29 13:58:14 - werkzeug - INFO - 127.0.0.1 - - [29/Nov/2025 13:58:14] "GET /api/knowledge-base?type=raw HTTP/1.1" 200 -
2025-11-29 13:58:18 - root - INFO - Invoek get_knowledeg_base_list
2025-11-29 13:58:18 - root - INFO - ['raw']
2025-11-29 13:58:19 - werkzeug - INFO - 127.0.0.1 - - [29/Nov/2025 13:58:19] "GET /api/knowledge-base?type=raw HTTP/1.1" 200 -
2025-11-29 13:58:27 - httpx - INFO - HTTP Request: POST https://dashscope.aliyuncs.com/compatible-mode/v1/chat/completions "HTTP/1.1 200 OK"
2025-11-29 13:58:27 - root - INFO - ÂÜÖÂÆπÊ±áÊÄªÂÆåÊàêÔºåÂ≠óÁ¨¶Êï∞: 9098
2025-11-29 13:58:28 - root - INFO - Invoek get_knowledeg_base_list
2025-11-29 13:58:28 - root - INFO - ['raw']
2025-11-29 13:58:28 - werkzeug - INFO - 127.0.0.1 - - [29/Nov/2025 13:58:28] "GET /api/knowledge-base?type=raw HTTP/1.1" 200 -
2025-11-29 13:58:32 - root - INFO - Invoek get_knowledeg_base_list
2025-11-29 13:58:32 - root - INFO - ['raw']
2025-11-29 13:58:32 - werkzeug - INFO - 127.0.0.1 - - [29/Nov/2025 13:58:32] "GET /api/knowledge-base?type=raw HTTP/1.1" 200 -
2025-11-29 13:58:37 - root - INFO - Invoek get_knowledeg_base_list
2025-11-29 13:58:37 - root - INFO - ['raw']
2025-11-29 13:58:38 - werkzeug - INFO - 127.0.0.1 - - [29/Nov/2025 13:58:38] "GET /api/knowledge-base?type=raw HTTP/1.1" 200 -
2025-11-29 13:58:40 - httpx - INFO - HTTP Request: POST https://dashscope.aliyuncs.com/compatible-mode/v1/chat/completions "HTTP/1.1 200 OK"
2025-11-29 13:58:40 - root - INFO - ÂÜÖÂÆπÊ±áÊÄªÂÆåÊàêÔºåÂ≠óÁ¨¶Êï∞: 11813
2025-11-29 13:58:42 - root - INFO - Invoek get_knowledeg_base_list
2025-11-29 13:58:42 - root - INFO - ['raw']
2025-11-29 13:58:43 - werkzeug - INFO - 127.0.0.1 - - [29/Nov/2025 13:58:43] "GET /api/knowledge-base?type=raw HTTP/1.1" 200 -
2025-11-29 13:58:44 - root - INFO - ‰∏¥Êó∂Êñá‰ª∂Â∑≤Ê∏ÖÁêÜ
2025-11-29 13:58:48 - root - INFO - Invoek get_knowledeg_base_list
2025-11-29 13:58:48 - root - INFO - ['raw']
2025-11-29 13:58:49 - werkzeug - INFO - 127.0.0.1 - - [29/Nov/2025 13:58:49] "GET /api/knowledge-base?type=raw HTTP/1.1" 200 -
2025-11-29 13:58:52 - root - INFO - Invoek get_knowledeg_base_list
2025-11-29 13:58:52 - root - INFO - ['raw']
2025-11-29 13:58:53 - werkzeug - INFO - 127.0.0.1 - - [29/Nov/2025 13:58:53] "GET /api/knowledge-base?type=raw HTTP/1.1" 200 -
2025-11-29 13:58:56 - root - INFO - Invoek get_knowledeg_base_list
2025-11-29 13:58:56 - root - INFO - ['raw']
2025-11-29 13:58:56 - werkzeug - INFO - 127.0.0.1 - - [29/Nov/2025 13:58:56] "GET /api/knowledge-base?type=raw HTTP/1.1" 200 -
2025-11-29 13:59:00 - root - INFO - Invoek get_knowledeg_base_list
2025-11-29 13:59:00 - root - INFO - ['raw']
2025-11-29 13:59:01 - werkzeug - INFO - 127.0.0.1 - - [29/Nov/2025 13:59:01] "GET /api/knowledge-base?type=raw HTTP/1.1" 200 -
2025-11-29 13:59:05 - root - INFO - Invoek get_knowledeg_base_list
2025-11-29 13:59:05 - root - INFO - ['raw']
2025-11-29 13:59:06 - werkzeug - INFO - 127.0.0.1 - - [29/Nov/2025 13:59:06] "GET /api/knowledge-base?type=raw HTTP/1.1" 200 -
2025-11-29 13:59:10 - root - INFO - ‰∏¥Êó∂Êñá‰ª∂Â∑≤Ê∏ÖÁêÜ
2025-11-29 13:59:14 - root - INFO - Invoek get_knowledeg_base_list
2025-11-29 13:59:14 - root - INFO - ['raw']
2025-11-29 13:59:15 - werkzeug - INFO - 127.0.0.1 - - [29/Nov/2025 13:59:15] "GET /api/knowledge-base?type=raw HTTP/1.1" 200 -
2025-11-29 13:59:19 - root - INFO - Invoek get_knowledeg_base_list
2025-11-29 13:59:19 - root - INFO - ['raw']
2025-11-29 13:59:20 - werkzeug - INFO - 127.0.0.1 - - [29/Nov/2025 13:59:20] "GET /api/knowledge-base?type=raw HTTP/1.1" 200 -
2025-11-29 13:59:26 - root - INFO - Invoek get_knowledeg_base_list
2025-11-29 13:59:26 - root - INFO - ['raw']
2025-11-29 13:59:27 - werkzeug - INFO - 127.0.0.1 - - [29/Nov/2025 13:59:27] "GET /api/knowledge-base?type=raw HTTP/1.1" 200 -
2025-11-29 13:59:28 - root - INFO - ‰∏¥Êó∂Êñá‰ª∂Â∑≤Ê∏ÖÁêÜ
2025-11-29 13:59:33 - root - INFO - Invoek get_knowledeg_base_list
2025-11-29 13:59:33 - root - INFO - ['raw']
2025-11-29 13:59:33 - werkzeug - INFO - 127.0.0.1 - - [29/Nov/2025 13:59:33] "GET /api/knowledge-base?type=raw HTTP/1.1" 200 -
2025-11-29 13:59:38 - root - INFO - Invoek get_knowledeg_base_list
2025-11-29 13:59:38 - root - INFO - ['raw']
2025-11-29 13:59:39 - werkzeug - INFO - 127.0.0.1 - - [29/Nov/2025 13:59:39] "GET /api/knowledge-base?type=raw HTTP/1.1" 200 -
2025-11-29 14:00:00 - root - INFO - Êñá‰ª∂Â∑≤‰øùÂ≠ò: uploads\faq-antd-form.txt
2025-11-29 14:00:00 - werkzeug - INFO - 127.0.0.1 - - [29/Nov/2025 14:00:00] "POST /api/upload-file HTTP/1.1" 200 -
2025-11-29 14:00:02 - root - INFO - Invoek get_knowledeg_base_list
2025-11-29 14:00:02 - root - INFO - ['raw']
2025-11-29 14:00:03 - werkzeug - INFO - 127.0.0.1 - - [29/Nov/2025 14:00:03] "GET /api/knowledge-base?type=raw HTTP/1.1" 200 -
2025-11-29 14:00:16 - root - INFO - Invoek get_knowledeg_base_list
2025-11-29 14:00:16 - root - INFO - ['raw']
2025-11-29 14:00:16 - werkzeug - INFO - 127.0.0.1 - - [29/Nov/2025 14:00:16] "GET /api/knowledge-base?type=raw HTTP/1.1" 200 -
2025-11-29 14:00:30 - root - INFO - Invoek get_knowledeg_base_list
2025-11-29 14:00:30 - root - INFO - ['raw']
2025-11-29 14:00:30 - httpx - INFO - HTTP Request: POST https://dashscope.aliyuncs.com/compatible-mode/v1/chat/completions "HTTP/1.1 200 OK"
2025-11-29 14:00:30 - root - INFO - ÂÜÖÂÆπÊ±áÊÄªÂÆåÊàêÔºåÂ≠óÁ¨¶Êï∞: 36141
2025-11-29 14:00:31 - werkzeug - INFO - 127.0.0.1 - - [29/Nov/2025 14:00:31] "GET /api/knowledge-base?type=raw HTTP/1.1" 200 -
2025-11-29 14:01:26 - httpx - INFO - HTTP Request: POST https://dashscope.aliyuncs.com/compatible-mode/v1/chat/completions "HTTP/1.1 200 OK"
2025-11-29 14:01:26 - root - INFO - ÂÜÖÂÆπÊ±áÊÄªÂÆåÊàêÔºåÂ≠óÁ¨¶Êï∞: 16856
2025-11-29 14:02:06 - root - INFO - Invoek get_knowledeg_base_list
2025-11-29 14:02:06 - root - INFO - ['raw']
2025-11-29 14:02:08 - werkzeug - INFO - 127.0.0.1 - - [29/Nov/2025 14:02:08] "GET /api/knowledge-base?type=raw HTTP/1.1" 200 -
2025-11-29 14:02:19 - werkzeug - INFO - 127.0.0.1 - - [29/Nov/2025 14:02:19] "DELETE /api/knowledge-base/63 HTTP/1.1" 200 -
2025-11-29 14:02:20 - root - INFO - Invoek get_knowledeg_base_list
2025-11-29 14:02:20 - root - INFO - ['raw']
2025-11-29 14:02:22 - werkzeug - INFO - 127.0.0.1 - - [29/Nov/2025 14:02:22] "GET /api/knowledge-base?type=raw HTTP/1.1" 200 -
2025-11-29 14:02:31 - root - INFO - Invoek get_knowledeg_base_list
2025-11-29 14:02:31 - root - INFO - ['raw']
2025-11-29 14:02:32 - werkzeug - INFO - 127.0.0.1 - - [29/Nov/2025 14:02:32] "GET /api/knowledge-base?type=raw HTTP/1.1" 200 -
2025-11-29 14:02:32 - root - INFO - ‰∏¥Êó∂Êñá‰ª∂Â∑≤Ê∏ÖÁêÜ
2025-11-29 14:02:36 - root - INFO - ‰∏¥Êó∂Êñá‰ª∂Â∑≤Ê∏ÖÁêÜ
2025-11-29 14:02:41 - root - INFO - Invoek get_knowledeg_base_list
2025-11-29 14:02:41 - root - INFO - ['raw']
2025-11-29 14:02:42 - werkzeug - INFO - 127.0.0.1 - - [29/Nov/2025 14:02:42] "GET /api/knowledge-base?type=raw HTTP/1.1" 200 -
2025-11-29 14:03:16 - root - INFO - Invoek get_knowledeg_base_list
2025-11-29 14:03:16 - root - INFO - ['raw']
2025-11-29 14:03:17 - werkzeug - INFO - 127.0.0.1 - - [29/Nov/2025 14:03:17] "GET /api/knowledge-base?type=raw HTTP/1.1" 200 -
2025-11-29 14:03:25 - root - INFO - Invoek get_knowledeg_base_list
2025-11-29 14:03:25 - root - INFO - ['raw']
2025-11-29 14:03:26 - werkzeug - INFO - 127.0.0.1 - - [29/Nov/2025 14:03:26] "GET /api/knowledge-base?type=raw HTTP/1.1" 200 -
2025-11-29 14:03:40 - root - INFO - Invoek get_knowledeg_base_list
2025-11-29 14:03:40 - root - INFO - ['raw']
2025-11-29 14:03:41 - werkzeug - INFO - 127.0.0.1 - - [29/Nov/2025 14:03:41] "GET /api/knowledge-base?type=raw HTTP/1.1" 200 -
2025-11-29 14:04:18 - root - INFO - ‚ùå ÊâßË°åÊü•ËØ¢Â§±Ë¥•: invalid input syntax for type integer: "raw"
LINE 549: ', "type" = '64' where id = 'raw'
                                      ^

2025-11-29 14:05:01 - root - INFO - Invoek get_knowledeg_base_list
2025-11-29 14:05:01 - root - INFO - ['raw']
2025-11-29 14:05:02 - werkzeug - INFO - 127.0.0.1 - - [29/Nov/2025 14:05:02] "GET /api/knowledge-base?type=raw HTTP/1.1" 200 -
2025-11-29 14:05:04 - root - INFO - Invoek get_knowledeg_base_list
2025-11-29 14:05:04 - root - INFO - ['raw']
2025-11-29 14:05:05 - werkzeug - INFO - 127.0.0.1 - - [29/Nov/2025 14:05:05] "GET /api/knowledge-base?type=raw HTTP/1.1" 200 -
2025-11-29 14:05:09 - root - INFO - Invoek get_knowledeg_base_list
2025-11-29 14:05:09 - root - INFO - ['raw']
2025-11-29 14:05:10 - werkzeug - INFO - 127.0.0.1 - - [29/Nov/2025 14:05:10] "GET /api/knowledge-base?type=raw HTTP/1.1" 200 -
2025-11-29 14:05:30 - root - INFO - ‚ùå ÊâßË°åÊü•ËØ¢Â§±Ë¥•: invalid input syntax for type integer: "raw"
LINE 549: ', "type" = '64' where id = 'raw'
                                      ^

2025-11-29 14:05:56 - werkzeug - INFO - 127.0.0.1 - - [29/Nov/2025 14:05:56] "POST /api/knowledge-base HTTP/1.1" 200 -
2025-11-29 14:07:10 - werkzeug - INFO - 127.0.0.1 - - [29/Nov/2025 14:07:10] "POST /api/knowledge-base HTTP/1.1" 200 -
2025-11-29 14:09:08 - werkzeug - INFO - [31m[1mWARNING: This is a development server. Do not use it in a production deployment. Use a production WSGI server instead.[0m
 * Running on all addresses (0.0.0.0)
 * Running on http://127.0.0.1:5000
 * Running on http://172.20.10.14:5000
2025-11-29 14:09:08 - werkzeug - INFO - [33mPress CTRL+C to quit[0m
2025-11-29 14:09:08 - werkzeug - INFO -  * Restarting with stat
2025-11-29 14:09:28 - werkzeug - WARNING -  * Debugger is active!
2025-11-29 14:09:28 - werkzeug - INFO -  * Debugger PIN: 194-990-096
2025-11-29 14:09:28 - root - INFO - Invoek get_knowledeg_base_list
2025-11-29 14:09:28 - root - INFO - ['raw']
2025-11-29 14:09:30 - werkzeug - INFO - 127.0.0.1 - - [29/Nov/2025 14:09:30] "GET /api/knowledge-base?type=raw HTTP/1.1" 200 -
2025-11-29 14:11:18 - werkzeug - INFO -  * Detected change in 'e:\\py_project\\ai\\app.py', reloading
2025-11-29 14:11:27 - werkzeug - INFO -  * Restarting with stat
2025-11-29 14:11:51 - werkzeug - WARNING -  * Debugger is active!
2025-11-29 14:11:51 - werkzeug - INFO -  * Debugger PIN: 194-990-096
2025-11-29 14:12:13 - werkzeug - INFO - 127.0.0.1 - - [29/Nov/2025 14:12:13] "[35m[1mPOST /api/knowledge-base HTTP/1.1[0m" 500 -
2025-11-29 14:13:11 - werkzeug - INFO - 127.0.0.1 - - [29/Nov/2025 14:13:11] "[35m[1mPOST /api/knowledge-base HTTP/1.1[0m" 500 -
2025-11-29 14:13:59 - werkzeug - INFO - [31m[1mWARNING: This is a development server. Do not use it in a production deployment. Use a production WSGI server instead.[0m
 * Running on all addresses (0.0.0.0)
 * Running on http://127.0.0.1:5000
 * Running on http://172.20.10.14:5000
2025-11-29 14:13:59 - werkzeug - INFO - [33mPress CTRL+C to quit[0m
2025-11-29 14:13:59 - werkzeug - INFO -  * Restarting with stat
2025-11-29 14:14:17 - werkzeug - WARNING -  * Debugger is active!
2025-11-29 14:14:17 - werkzeug - INFO -  * Debugger PIN: 194-990-096
2025-11-29 14:14:17 - werkzeug - INFO - 127.0.0.1 - - [29/Nov/2025 14:14:17] "POST /api/knowledge-base HTTP/1.1" 200 -
2025-11-29 14:14:17 - root - INFO - Invoek get_knowledeg_base_list
2025-11-29 14:14:17 - root - INFO - ['raw']
2025-11-29 14:14:20 - werkzeug - INFO - 127.0.0.1 - - [29/Nov/2025 14:14:20] "GET /api/knowledge-base?type=raw HTTP/1.1" 200 -
2025-11-29 14:14:39 - root - INFO - Invoek get_knowledeg_base_list
2025-11-29 14:14:39 - root - INFO - ['raw']
2025-11-29 14:14:40 - werkzeug - INFO - 127.0.0.1 - - [29/Nov/2025 14:14:40] "GET /api/knowledge-base?type=raw HTTP/1.1" 200 -
2025-11-29 14:14:53 - werkzeug - INFO - 127.0.0.1 - - [29/Nov/2025 14:14:53] "POST /api/knowledge-base HTTP/1.1" 200 -
2025-11-29 14:14:54 - root - INFO - Invoek get_knowledeg_base_list
2025-11-29 14:14:54 - root - INFO - ['raw']
2025-11-29 14:14:55 - werkzeug - INFO - 127.0.0.1 - - [29/Nov/2025 14:14:55] "GET /api/knowledge-base?type=raw HTTP/1.1" 200 -
2025-11-29 14:15:00 - root - INFO - Invoek get_knowledeg_base_list
2025-11-29 14:15:00 - root - INFO - ['raw']
2025-11-29 14:15:01 - werkzeug - INFO - 127.0.0.1 - - [29/Nov/2025 14:15:01] "GET /api/knowledge-base?type=raw HTTP/1.1" 200 -
2025-11-29 14:15:13 - werkzeug - INFO - 127.0.0.1 - - [29/Nov/2025 14:15:13] "POST /api/knowledge-base HTTP/1.1" 200 -
2025-11-29 14:15:14 - root - INFO - Invoek get_knowledeg_base_list
2025-11-29 14:15:14 - root - INFO - ['raw']
2025-11-29 14:15:14 - werkzeug - INFO - 127.0.0.1 - - [29/Nov/2025 14:15:14] "GET /api/knowledge-base?type=raw HTTP/1.1" 200 -
2025-11-29 14:15:19 - root - INFO - Invoek get_knowledeg_base_list
2025-11-29 14:15:19 - root - INFO - ['raw']
2025-11-29 14:15:20 - werkzeug - INFO - 127.0.0.1 - - [29/Nov/2025 14:15:20] "GET /api/knowledge-base?type=raw HTTP/1.1" 200 -
2025-11-29 14:15:39 - werkzeug - INFO - 127.0.0.1 - - [29/Nov/2025 14:15:39] "POST /api/knowledge-base HTTP/1.1" 200 -
2025-11-29 14:15:40 - root - INFO - Invoek get_knowledeg_base_list
2025-11-29 14:15:40 - root - INFO - ['raw']
2025-11-29 14:15:41 - werkzeug - INFO - 127.0.0.1 - - [29/Nov/2025 14:15:41] "GET /api/knowledge-base?type=raw HTTP/1.1" 200 -
2025-11-29 14:15:52 - root - INFO - Invoek get_knowledeg_base_list
2025-11-29 14:15:52 - root - INFO - ['raw']
2025-11-29 14:15:53 - werkzeug - INFO - 127.0.0.1 - - [29/Nov/2025 14:15:53] "GET /api/knowledge-base?type=raw HTTP/1.1" 200 -
2025-11-29 14:16:03 - root - INFO - Invoek get_knowledeg_base_list
2025-11-29 14:16:03 - root - INFO - ['raw']
2025-11-29 14:16:04 - werkzeug - INFO - 127.0.0.1 - - [29/Nov/2025 14:16:04] "GET /api/knowledge-base?type=raw HTTP/1.1" 200 -
2025-11-29 14:16:10 - root - INFO - Invoek get_knowledeg_base_list
2025-11-29 14:16:10 - root - INFO - ['raw']
2025-11-29 14:16:11 - werkzeug - INFO - 127.0.0.1 - - [29/Nov/2025 14:16:11] "GET /api/knowledge-base?type=raw HTTP/1.1" 200 -
2025-11-29 14:16:18 - root - INFO - Invoek get_knowledeg_base_list
2025-11-29 14:16:18 - root - INFO - ['raw']
2025-11-29 14:16:19 - werkzeug - INFO - 127.0.0.1 - - [29/Nov/2025 14:16:19] "GET /api/knowledge-base?type=raw HTTP/1.1" 200 -
2025-11-29 14:16:34 - root - INFO - Invoek get_knowledeg_base_list
2025-11-29 14:16:35 - root - INFO - ['processed']
2025-11-29 14:16:35 - werkzeug - INFO - 127.0.0.1 - - [29/Nov/2025 14:16:35] "GET /api/knowledge-base?type=processed HTTP/1.1" 200 -
2025-11-29 14:16:35 - root - INFO - Invoek get_knowledeg_base_list
2025-11-29 14:16:35 - root - INFO - ['processed']
2025-11-29 14:16:36 - werkzeug - INFO - 127.0.0.1 - - [29/Nov/2025 14:16:36] "GET /api/knowledge-base?type=processed HTTP/1.1" 200 -
2025-11-29 14:16:36 - root - INFO - Invoek get_knowledeg_base_list
2025-11-29 14:16:36 - root - INFO - ['raw']
2025-11-29 14:16:37 - werkzeug - INFO - 127.0.0.1 - - [29/Nov/2025 14:16:37] "GET /api/knowledge-base?type=raw HTTP/1.1" 200 -
2025-11-29 14:16:38 - root - INFO - Invoek get_knowledeg_base_list
2025-11-29 14:16:38 - root - INFO - ['raw']
2025-11-29 14:16:39 - werkzeug - INFO - 127.0.0.1 - - [29/Nov/2025 14:16:39] "GET /api/knowledge-base?type=raw HTTP/1.1" 200 -
2025-11-29 14:16:48 - root - INFO - Invoek get_knowledeg_base_list
2025-11-29 14:16:48 - root - INFO - ['raw']
2025-11-29 14:16:49 - werkzeug - INFO - 127.0.0.1 - - [29/Nov/2025 14:16:49] "GET /api/knowledge-base?type=raw HTTP/1.1" 200 -
2025-11-29 14:17:03 - werkzeug - INFO - 127.0.0.1 - - [29/Nov/2025 14:17:03] "POST /api/knowledge-base/summary HTTP/1.1" 200 -
2025-11-29 14:17:08 - root - INFO - Invoek get_knowledeg_base_list
2025-11-29 14:17:08 - root - INFO - ['processed']
2025-11-29 14:17:08 - werkzeug - INFO - 127.0.0.1 - - [29/Nov/2025 14:17:08] "GET /api/knowledge-base?type=processed HTTP/1.1" 200 -
2025-11-29 14:17:09 - root - INFO - Invoek get_knowledeg_base_list
2025-11-29 14:17:09 - root - INFO - ['processed']
2025-11-29 14:17:09 - werkzeug - INFO - 127.0.0.1 - - [29/Nov/2025 14:17:09] "GET /api/knowledge-base?type=processed HTTP/1.1" 200 -
2025-11-29 14:17:13 - werkzeug - INFO -  * Detected change in 'e:\\py_project\\ai\\service\\document_service.py', reloading
2025-11-29 14:18:07 - httpx - INFO - HTTP Request: POST https://dashscope.aliyuncs.com/compatible-mode/v1/chat/completions "HTTP/1.1 200 OK"
2025-11-29 14:18:07 - root - INFO - ÂÜÖÂÆπÊ±áÊÄªÂÆåÊàêÔºåÂ≠óÁ¨¶Êï∞: 10256
2025-11-29 14:18:08 - httpx - INFO - HTTP Request: POST https://dashscope.aliyuncs.com/compatible-mode/v1/chat/completions "HTTP/1.1 200 OK"
2025-11-29 14:19:40 - werkzeug - INFO - [31m[1mWARNING: This is a development server. Do not use it in a production deployment. Use a production WSGI server instead.[0m
 * Running on all addresses (0.0.0.0)
 * Running on http://127.0.0.1:5000
 * Running on http://172.20.10.14:5000
2025-11-29 14:19:40 - werkzeug - INFO - [33mPress CTRL+C to quit[0m
2025-11-29 14:19:53 - root - INFO - Invoek get_knowledeg_base_list
2025-11-29 14:19:53 - root - INFO - ['raw']
2025-11-29 14:19:55 - root - INFO - Invoek get_knowledeg_base_list
2025-11-29 14:19:55 - root - INFO - ['raw']
2025-11-29 14:19:55 - werkzeug - INFO - 127.0.0.1 - - [29/Nov/2025 14:19:55] "GET /api/knowledge-base HTTP/1.1" 200 -
2025-11-29 14:19:56 - werkzeug - INFO - 127.0.0.1 - - [29/Nov/2025 14:19:56] "GET /api/knowledge-base HTTP/1.1" 200 -
2025-11-29 14:20:00 - root - INFO - Invoek get_knowledeg_base_list
2025-11-29 14:20:00 - root - INFO - ['processed']
2025-11-29 14:20:00 - werkzeug - INFO - 127.0.0.1 - - [29/Nov/2025 14:20:00] "GET /api/knowledge-base?type=processed HTTP/1.1" 200 -
2025-11-29 14:20:06 - root - INFO - Invoek get_knowledeg_base_list
2025-11-29 14:20:06 - root - INFO - ['processed']
2025-11-29 14:20:07 - werkzeug - INFO - 127.0.0.1 - - [29/Nov/2025 14:20:07] "GET /api/knowledge-base?type=processed HTTP/1.1" 200 -
2025-11-29 14:20:44 - root - INFO - Invoek get_knowledeg_base_list
2025-11-29 14:20:44 - root - INFO - ['processed']
2025-11-29 14:20:45 - werkzeug - INFO - 127.0.0.1 - - [29/Nov/2025 14:20:45] "GET /api/knowledge-base?type=processed HTTP/1.1" 200 -
2025-11-29 14:20:45 - root - INFO - Invoek get_knowledeg_base_list
2025-11-29 14:20:45 - root - INFO - ['processed']
2025-11-29 14:20:46 - werkzeug - INFO - 127.0.0.1 - - [29/Nov/2025 14:20:46] "GET /api/knowledge-base?type=processed HTTP/1.1" 200 -
2025-11-29 14:20:47 - root - INFO - Invoek get_knowledeg_base_list
2025-11-29 14:20:47 - root - INFO - ['raw']
2025-11-29 14:20:48 - werkzeug - INFO - 127.0.0.1 - - [29/Nov/2025 14:20:48] "GET /api/knowledge-base?type=raw HTTP/1.1" 200 -
2025-11-29 14:20:48 - root - INFO - Invoek get_knowledeg_base_list
2025-11-29 14:20:48 - root - INFO - ['raw']
2025-11-29 14:20:49 - werkzeug - INFO - 127.0.0.1 - - [29/Nov/2025 14:20:49] "GET /api/knowledge-base?type=raw HTTP/1.1" 200 -
2025-11-29 14:20:54 - werkzeug - INFO - 127.0.0.1 - - [29/Nov/2025 14:20:54] "DELETE /api/knowledge-base/59 HTTP/1.1" 200 -
2025-11-29 14:20:54 - root - INFO - Invoek get_knowledeg_base_list
2025-11-29 14:20:54 - root - INFO - ['raw']
2025-11-29 14:20:55 - werkzeug - INFO - 127.0.0.1 - - [29/Nov/2025 14:20:55] "GET /api/knowledge-base?type=raw HTTP/1.1" 200 -
2025-11-29 14:21:04 - root - INFO - Êñá‰ª∂Â∑≤‰øùÂ≠ò: uploads\faq-shadcn.txt
2025-11-29 14:21:04 - werkzeug - INFO - 127.0.0.1 - - [29/Nov/2025 14:21:04] "POST /api/upload-file HTTP/1.1" 200 -
2025-11-29 14:21:04 - root - INFO - Invoek get_knowledeg_base_list
2025-11-29 14:21:04 - root - INFO - ['raw']
2025-11-29 14:21:05 - werkzeug - INFO - 127.0.0.1 - - [29/Nov/2025 14:21:05] "GET /api/knowledge-base?type=raw HTTP/1.1" 200 -
2025-11-29 14:21:22 - httpx - INFO - HTTP Request: POST https://dashscope.aliyuncs.com/compatible-mode/v1/chat/completions "HTTP/1.1 200 OK"
2025-11-29 14:21:22 - root - INFO - ÂÜÖÂÆπÊ±áÊÄªÂÆåÊàêÔºåÂ≠óÁ¨¶Êï∞: 2566
2025-11-29 14:21:30 - root - INFO - ‰∏¥Êó∂Êñá‰ª∂Â∑≤Ê∏ÖÁêÜ
2025-11-29 14:22:05 - root - INFO - Invoek get_knowledeg_base_list
2025-11-29 14:22:05 - root - INFO - ['raw']
2025-11-29 14:22:07 - werkzeug - INFO - 127.0.0.1 - - [29/Nov/2025 14:22:07] "GET /api/knowledge-base?type=raw HTTP/1.1" 200 -
2025-11-29 14:22:43 - root - INFO - ====invoke retrieve====
2025-11-29 14:22:45 - root - INFO - antd table component usage
2025-11-29 14:22:45 - root - INFO - [{'id': 1037, 'content': '{"Header 1": "Table Component", "Header 2": "TypeScript Usage"}\n\n```tsx\nimport { Table } from \'antd\';\nimport type { TableColumnsType } from \'antd\';\n\ninterface User {\nkey: number;\nname: string;\n}\n\nconst columns: TableColumnsType<User> = [\n{ key: \'name\', title: \'Name\', dataIndex: \'name\' },\n];\n\nconst data: User[] = [{ key: 0, name: \'Jack\' }];\n\nconst Demo: React.FC = () => (\n<>\n<Table<User> columns={columns} dataSource={data} />\n<Table<User> dataSource={data}>\n<Table.Column<User> key="name" title="Name" dataIndex="name" />\n</Table>\n</>\n);\n```  \n[CodeSandbox TypeScript Example](https://codesandbox.io/s/serene-platform-0jo5t)', 'knowledge_base_name': 'faq-antd-table.txt', 'knowledge_base_id': 62, 'similarity': 0.7380475813292328}, {'id': 1113, 'content': '{"Header 1": "Component Documentation Summary", "Header 2": "2. Table Component", "Header 3": "TypeScript Support"}\n\n```tsx\ninterface User { key: number; name: string; }\nconst columns: TableColumnsType<User> = [...];\n<Table<User> columns={columns} dataSource={data} />\n```', 'knowledge_base_name': 'Ant Design Core Components Guide', 'knowledge_base_id': 65, 'similarity': 0.7199752092287683}, {'id': 1049, 'content': '{"Header 1": "Table Component", "Header 2": "Important Notes", "Header 3": "Key Requirement"}\n\nEvery data item must have a unique `key`. If not provided in `dataSource`, specify via `rowKey`:  \n```jsx\n<Table rowKey="uid" />\n// or\n<Table rowKey={(record) => record.uid} />\n```', 'knowledge_base_name': 'faq-antd-table.txt', 'knowledge_base_id': 62, 'similarity': 0.7130747603445439}, {'id': 1108, 'content': '{"Header 1": "Component Documentation Summary", "Header 2": "2. Table Component", "Header 3": "Basic Usage"}\n\n```jsx\nconst dataSource = [{ key: \'1\', name: \'Mike\', age: 32 }];\nconst columns = [{ title: \'Name\', dataIndex: \'name\' }];\n\n<Table dataSource={dataSource} columns={columns} />\n```', 'knowledge_base_name': 'Ant Design Core Components Guide', 'knowledge_base_id': 65, 'similarity': 0.7110008928182515}, {'id': 1126, 'content': '{"Header 1": "Component Documentation Summary", "Header 2": "Shared Concepts Across Components", "Header 3": "TypeScript Support"}\n\nFull type definitions available via:\n```ts\nimport type { TableColumnsType, FormInstance, UploadFile } from \'antd\';\n```  \n---', 'knowledge_base_name': 'Ant Design Core Components Guide', 'knowledge_base_id': 65, 'similarity': 0.6899532162975895}, {'id': 970, 'content': '{"Header 1": "Table Component", "Header 2": "Examples", "Header 3": "Basic & JSX API"}\n\n- Basic Usage\n- JSX style API\n- Row selection and custom selection\n- Selection performance debugging', 'knowledge_base_name': 'faq-antd-table.txt', 'knowledge_base_id': 62, 'similarity': 0.6816308944803504}, {'id': 1110, 'content': '{"Header 1": "Component Documentation Summary", "Header 2": "2. Table Component", "Header 3": "Core Props"}\n\n| Prop | Description | Type | Default |\n|------|-------------|------|---------|\n| `dataSource` | Array of row data objects | `object[]` | - |\n| `columns` | Column definitions | `ColumnsType[]` | - |\n| `rowKey` | Unique identifier field | `string \\| Function ‚Üí string` | `"key"` |\n| `pagination` | Pagination config | Object \\| false | `{}` |\n| `scroll` | Horizontal/vertical scroll config | `{ x?, y? }` | - |\n| `expandable` | Config for expandable rows | Object | - |\n| `rowSelection` | Checkbox/radio selection config | Object | - |\n| `loading` | Show loading indicator | `boolean \\| SpinProps` | `false` |\n| `size` | Table size variant | `\'large\' \\| \'middle\' \\| \'small\'` | `\'large\'` |\n| `onChange` | Fires on sort/filter/page change | Function | - |', 'knowledge_base_name': 'Ant Design Core Components Guide', 'knowledge_base_id': 65, 'similarity': 0.6813412144997825}, {'id': 966, 'content': '{"Header 1": "Table Component", "Header 2": "How To Use"}\n\nDefine `dataSource` as an array of data objects:  \n```jsx\nconst dataSource = [\n{\nkey: \'1\',\nname: \'Mike\',\nage: 32,\naddress: \'10 Downing Street\',\n},\n{\nkey: \'2\',\nname: \'John\',\nage: 42,\naddress: \'10 Downing Street\',\n},\n];\n\nconst columns = [\n{ title: \'Name\', dataIndex: \'name\', key: \'name\' },\n{ title: \'Age\', dataIndex: \'age\', key: \'age\' },\n{ title: \'Address\', dataIndex: \'address\', key: \'address\' },\n];\n\n<Table dataSource={dataSource} columns={columns} />;\n```', 'knowledge_base_name': 'faq-antd-table.txt', 'knowledge_base_id': 62, 'similarity': 0.6635182098768432}, {'id': 1127, 'content': '{"Header 1": "Component Documentation Summary", "Header 2": "Conclusion"}\n\nThese components form the backbone of interactive data workflows in Ant Design applications:  \n- **Upload** for media/file ingestion.\n- **Table** for presenting and manipulating tabular data.\n- **Form** for collecting, validating, and submitting structured input.  \nEach offers extensive customization, accessibility, performance optimizations (like virtualization), and seamless TypeScript integration ‚Äî making them suitable for enterprise-grade applications.', 'knowledge_base_name': 'Ant Design Core Components Guide', 'knowledge_base_id': 65, 'similarity': 0.6583414644032041}, {'id': 1030, 'content': '{"Header 1": "Table Component", "Header 2": "API Reference", "Header 3": "Selection Config"}\n\n| Property | Description | Type | Default |\n| --- | --- | --- | --- |\n| key | Selection key | string | - |\n| text | Display text | ReactNode | - |\n| onSelect | Click handler | Function(changeableRowKeys) | - |', 'knowledge_base_name': 'faq-antd-table.txt', 'knowledge_base_id': 62, 'similarity': 0.6486775617436594}]
2025-11-29 14:22:45 - werkzeug - INFO - 127.0.0.1 - - [29/Nov/2025 14:22:45] "POST /api/retrieve HTTP/1.1" 200 -
2025-11-29 14:23:04 - root - INFO - Invoek get_knowledeg_base_list
2025-11-29 14:23:04 - root - INFO - ['raw']
2025-11-29 14:23:05 - werkzeug - INFO - 127.0.0.1 - - [29/Nov/2025 14:23:05] "GET /api/knowledge-base?type=raw HTTP/1.1" 200 -
2025-11-29 14:23:06 - root - INFO - Invoek get_knowledeg_base_list
2025-11-29 14:23:06 - root - INFO - ['raw']
2025-11-29 14:23:07 - werkzeug - INFO - 127.0.0.1 - - [29/Nov/2025 14:23:07] "GET /api/knowledge-base?type=raw HTTP/1.1" 200 -
2025-11-29 14:23:14 - root - INFO - Invoek get_knowledeg_base_list
2025-11-29 14:23:14 - root - INFO - ['raw']
2025-11-29 14:23:14 - werkzeug - INFO - 127.0.0.1 - - [29/Nov/2025 14:23:14] "GET /api/knowledge-base?type=raw HTTP/1.1" 200 -
2025-11-29 14:23:34 - root - INFO - Invoek get_knowledeg_base_list
2025-11-29 14:23:34 - root - INFO - ['raw']
2025-11-29 14:23:35 - werkzeug - INFO - 127.0.0.1 - - [29/Nov/2025 14:23:35] "GET /api/knowledge-base?type=raw HTTP/1.1" 200 -
2025-11-29 14:23:41 - root - INFO - Invoek get_knowledeg_base_list
2025-11-29 14:23:41 - root - INFO - ['raw']
2025-11-29 14:23:41 - werkzeug - INFO - 127.0.0.1 - - [29/Nov/2025 14:23:41] "GET /api/knowledge-base?type=raw HTTP/1.1" 200 -
2025-11-29 14:35:22 - werkzeug - INFO - [31m[1mWARNING: This is a development server. Do not use it in a production deployment. Use a production WSGI server instead.[0m
 * Running on all addresses (0.0.0.0)
 * Running on http://127.0.0.1:5000
 * Running on http://172.20.10.14:5000
2025-11-29 14:35:22 - werkzeug - INFO - [33mPress CTRL+C to quit[0m
2025-11-29 14:35:42 - root - INFO - ====invoke retrieve====
2025-11-29 14:35:45 - root - INFO - using undocumented internal APIs
2025-11-29 14:35:45 - root - INFO - [{'id': 1016, 'content': '{"Header 1": "FAQ", "Header 2": "Can I use internal APIs not documented on the site?"}\n\n**Not recommended.** Internal APIs are not guaranteed to be backward compatible and may be removed or changed without notice. If you must use them, lock your `antd` version or verify compatibility during upgrades.  \n---', 'knowledge_base_name': 'faq-antd.txt', 'knowledge_base_id': 60, 'similarity': 0.514100451079134}, {'id': 1020, 'content': '{"Header 1": "FAQ", "Header 2": "Why is API request subject to strict discussion?"}\n\nWe carefully evaluate new APIs to avoid poor abstractions becoming historical debt. New features are encouraged to be implemented via HOCs first to ensure flexibility and avoid breaking changes.  \n---', 'knowledge_base_name': 'faq-antd.txt', 'knowledge_base_id': 60, 'similarity': 0.4539209900239377}, {'id': 1084, 'content': '{"Header 1": "FAQ", "Header 2": "Why shouldn\\u2019t I access internal `props`/`state` via `ref`?"}\n\nOnly use officially documented `ref` APIs. Accessing internals creates tight coupling ‚Äî refactorings (e.g., Hooks migration, prop renames) will break your code.  \n---', 'knowledge_base_name': 'faq-antd.txt', 'knowledge_base_id': 60, 'similarity': 0.42667581717473246}, {'id': 992, 'content': '{"Header 1": "Form", "Header 2": "Interfaces", "Header 3": "GetFieldsValue"}\n\nOverloads:  \n- `getFieldsValue(nameList?: true | NamePath[], filterFunc?)`\n- Empty: All registered fields.\n- `true`: All stored values (including unregistered).\n- Array: Specific paths (e.g., `[[\'user\', \'age\']]`).  \n- `getFieldsValue({ filter?: FilterFunc })`  \n---', 'knowledge_base_name': 'faq-antd-form.txt', 'knowledge_base_id': 64, 'similarity': 0.401980829593098}, {'id': 1034, 'content': '{"Header 1": "Form", "Header 2": "FAQ", "Header 3": "Why can\'t `ref` be called at first render?"}\n\nRefs attach only after mount (React behavior).  \n---', 'knowledge_base_name': 'faq-antd-form.txt', 'knowledge_base_id': 64, 'similarity': 0.3849186691496438}, {'id': 989, 'content': '{"Header 1": "Form", "Header 2": "Interfaces", "Header 3": "NamePath"}\n\n```ts\nstring | number | (string | number)[]\n```  \n---', 'knowledge_base_name': 'faq-antd-form.txt', 'knowledge_base_id': 64, 'similarity': 0.38125461489072476}, {'id': 1070, 'content': '{"Header 1": "FAQ", "Header 2": "Why are `message` and `notification` lowercase?"}\n\nThey are functions, not React components ‚Äî so lowercase is correct.  \n---', 'knowledge_base_name': 'faq-antd.txt', 'knowledge_base_id': 60, 'similarity': 0.3792706810124007}, {'id': 1129, 'content': '{"Header 1": "FAQ", "Header 2": "Frequently asked questions", "Header 3": "What does a complex component look like?"}\n\n"type": "registry:component"\n},\n{\n"path": "registry/new-york/hello-world/hooks/use-hello.ts",\n"type": "registry:hook"\n},\n{\n"path": "registry/new-york/hello-world/lib/format-date.ts",\n"type": "registry:utils"\n},\n{\n"path": "registry/new-york/hello-world/hello.config.ts",\n"type": "registry:file",\n"target": "~/hello.config.ts"\n}\n]\n}\n```', 'knowledge_base_name': 'faq-shadcn.txt', 'knowledge_base_id': 66, 'similarity': 0.3548047898186193}, {'id': 1051, 'content': '{"Header 1": "Form", "Header 2": "FAQ", "Header 3": "Why `setFieldsValue(undefined)` doesn\\u2019t update display?"}\n\nReact treats `undefined` as switching to uncontrolled mode. HOC workaround:  \n```jsx\nconst MyInput = ({ value = \'\', ...rest }) => <input value={value} {...rest} />;\n```  \n---', 'knowledge_base_name': 'faq-antd-form.txt', 'knowledge_base_id': 64, 'similarity': 0.35174101365727817}, {'id': 1071, 'content': '{"Header 1": "Table Component", "Header 2": "FAQ", "Header 3": "Virtual Table Ref Error"}\n\nWhen using `virtual` with custom components, wrap with `React.forwardRef` and pass ref to DOM element', 'knowledge_base_name': 'faq-antd-table.txt', 'knowledge_base_id': 62, 'similarity': 0.3419721549666396}]
2025-11-29 14:35:45 - root - INFO - ["{\"Header 1\": \"FAQ\", \"Header 2\": \"Can I use internal APIs not documented on the site?\"}\n\n**Not recommended.** Internal APIs are not guaranteed to be backward compatible and may be removed or changed without notice. If you must use them, lock your `antd` version or verify compatibility during upgrades.  \n---", "{\"Header 1\": \"FAQ\", \"Header 2\": \"Why is API request subject to strict discussion?\"}\n\nWe carefully evaluate new APIs to avoid poor abstractions becoming historical debt. New features are encouraged to be implemented via HOCs first to ensure flexibility and avoid breaking changes.  \n---", "{\"Header 1\": \"FAQ\", \"Header 2\": \"Why shouldn\\u2019t I access internal `props`/`state` via `ref`?\"}\n\nOnly use officially documented `ref` APIs. Accessing internals creates tight coupling \u2014 refactorings (e.g., Hooks migration, prop renames) will break your code.  \n---", "{\"Header 1\": \"Form\", \"Header 2\": \"Interfaces\", \"Header 3\": \"GetFieldsValue\"}\n\nOverloads:  \n- `getFieldsValue(nameList?: true | NamePath[], filterFunc?)`\n- Empty: All registered fields.\n- `true`: All stored values (including unregistered).\n- Array: Specific paths (e.g., `[['user', 'age']]`).  \n- `getFieldsValue({ filter?: FilterFunc })`  \n---", "{\"Header 1\": \"Form\", \"Header 2\": \"FAQ\", \"Header 3\": \"Why can't `ref` be called at first render?\"}\n\nRefs attach only after mount (React behavior).  \n---", "{\"Header 1\": \"Form\", \"Header 2\": \"Interfaces\", \"Header 3\": \"NamePath\"}\n\n```ts\nstring | number | (string | number)[]\n```  \n---", "{\"Header 1\": \"FAQ\", \"Header 2\": \"Why are `message` and `notification` lowercase?\"}\n\nThey are functions, not React components \u2014 so lowercase is correct.  \n---", "{\"Header 1\": \"FAQ\", \"Header 2\": \"Frequently asked questions\", \"Header 3\": \"What does a complex component look like?\"}\n\n\"type\": \"registry:component\"\n},\n{\n\"path\": \"registry/new-york/hello-world/hooks/use-hello.ts\",\n\"type\": \"registry:hook\"\n},\n{\n\"path\": \"registry/new-york/hello-world/lib/format-date.ts\",\n\"type\": \"registry:utils\"\n},\n{\n\"path\": \"registry/new-york/hello-world/hello.config.ts\",\n\"type\": \"registry:file\",\n\"target\": \"~/hello.config.ts\"\n}\n]\n}\n```", "{\"Header 1\": \"Form\", \"Header 2\": \"FAQ\", \"Header 3\": \"Why `setFieldsValue(undefined)` doesn\\u2019t update display?\"}\n\nReact treats `undefined` as switching to uncontrolled mode. HOC workaround:  \n```jsx\nconst MyInput = ({ value = '', ...rest }) => <input value={value} {...rest} />;\n```  \n---", "{\"Header 1\": \"Table Component\", \"Header 2\": \"FAQ\", \"Header 3\": \"Virtual Table Ref Error\"}\n\nWhen using `virtual` with custom components, wrap with `React.forwardRef` and pass ref to DOM element"]
2025-11-29 14:35:45 - werkzeug - INFO - 127.0.0.1 - - [29/Nov/2025 14:35:45] "POST /api/retrieve HTTP/1.1" 200 -
2025-11-29 14:39:46 - werkzeug - INFO - [31m[1mWARNING: This is a development server. Do not use it in a production deployment. Use a production WSGI server instead.[0m
 * Running on all addresses (0.0.0.0)
 * Running on http://127.0.0.1:5000
 * Running on http://172.20.10.14:5000
2025-11-29 14:39:46 - werkzeug - INFO - [33mPress CTRL+C to quit[0m
2025-11-29 14:40:07 - root - INFO - ====invoke retrieve====
2025-11-29 14:40:11 - root - INFO - Can I use internal API which is not documented on the site?
2025-11-29 14:40:11 - root - INFO - [{'id': 1016, 'content': '{"Header 1": "FAQ", "Header 2": "Can I use internal APIs not documented on the site?"}\n\n**Not recommended.** Internal APIs are not guaranteed to be backward compatible and may be removed or changed without notice. If you must use them, lock your `antd` version or verify compatibility during upgrades.  \n---', 'knowledge_base_name': 'faq-antd.txt', 'knowledge_base_id': 60, 'similarity': 0.7227348469872975}, {'id': 1020, 'content': '{"Header 1": "FAQ", "Header 2": "Why is API request subject to strict discussion?"}\n\nWe carefully evaluate new APIs to avoid poor abstractions becoming historical debt. New features are encouraged to be implemented via HOCs first to ensure flexibility and avoid breaking changes.  \n---', 'knowledge_base_name': 'faq-antd.txt', 'knowledge_base_id': 60, 'similarity': 0.5912246880300462}, {'id': 1084, 'content': '{"Header 1": "FAQ", "Header 2": "Why shouldn\\u2019t I access internal `props`/`state` via `ref`?"}\n\nOnly use officially documented `ref` APIs. Accessing internals creates tight coupling ‚Äî refactorings (e.g., Hooks migration, prop renames) will break your code.  \n---', 'knowledge_base_name': 'faq-antd.txt', 'knowledge_base_id': 60, 'similarity': 0.4860440041436134}, {'id': 1039, 'content': '{"Header 1": "Upload Component", "Header 2": "FAQ", "Header 3": "How to use `customRequest`?"}\n\nSee: https://github.com/react-component/upload#customrequest', 'knowledge_base_name': 'faq-antd-upload.txt', 'knowledge_base_id': 61, 'similarity': 0.45727569374136134}, {'id': 1116, 'content': '{"Header 1": "Component Documentation Summary", "Header 2": "3. Form Component", "Header 3": "When To Use"}\n\n- Collecting user input across multiple fields.\n- Validating inputs against business rules.', 'knowledge_base_name': 'Ant Design Core Components Guide', 'knowledge_base_id': 65, 'similarity': 0.43971970677377037}, {'id': 1097, 'content': '{"Header 1": "Component Documentation Summary"}\n\nThis document consolidates API references and usage guidelines for three core Ant Design components: **Upload**, **Table**, and **Form**. Each component is designed for specific data interaction patterns ‚Äî file handling, structured data display, and form state management respectively.  \n---', 'knowledge_base_name': 'Ant Design Core Components Guide', 'knowledge_base_id': 65, 'similarity': 0.43174476718143495}, {'id': 992, 'content': '{"Header 1": "Form", "Header 2": "Interfaces", "Header 3": "GetFieldsValue"}\n\nOverloads:  \n- `getFieldsValue(nameList?: true | NamePath[], filterFunc?)`\n- Empty: All registered fields.\n- `true`: All stored values (including unregistered).\n- Array: Specific paths (e.g., `[[\'user\', \'age\']]`).  \n- `getFieldsValue({ filter?: FilterFunc })`  \n---', 'knowledge_base_name': 'faq-antd-form.txt', 'knowledge_base_id': 64, 'similarity': 0.42571694544352057}, {'id': 1045, 'content': '{"Header 1": "FAQ", "Header 2": "How to use other date-time libraries like Moment.js?"}\n\nRefer to: [Use Custom Date Library](/docs/react/use-custom-date-library)  \n---', 'knowledge_base_name': 'faq-antd.txt', 'knowledge_base_id': 60, 'similarity': 0.41890480349319414}, {'id': 1038, 'content': '{"Header 1": "FAQ", "Header 2": "How to avoid breaking changes when updating?"}\n\n`antd` avoids breaking changes in minor/patch versions. Safe practices:  \n- Use official demos and FAQ suggestions.\n- Avoid treating bugs as features.\n- Avoid ‚Äúmagic code‚Äù ‚Äî prefer standard APIs.  \n---', 'knowledge_base_name': 'faq-antd.txt', 'knowledge_base_id': 60, 'similarity': 0.41565623376706506}, {'id': 945, 'content': '{"Header 1": "Form", "Header 2": "When to Use"}\n\n- When you need to create an instance or collect information.\n- When you need to validate fields according to certain rules.', 'knowledge_base_name': 'faq-antd-form.txt', 'knowledge_base_id': 64, 'similarity': 0.4140502614915089}]
2025-11-29 14:40:11 - werkzeug - INFO - 127.0.0.1 - - [29/Nov/2025 14:40:11] "POST /api/retrieve HTTP/1.1" 200 -
2025-11-29 14:40:49 - werkzeug - INFO - 127.0.0.1 - - [29/Nov/2025 14:40:49] "[33mGET /api/verssion HTTP/1.1[0m" 404 -
2025-11-29 14:41:47 - werkzeug - INFO - 127.0.0.1 - - [29/Nov/2025 14:41:47] "GET /api/vession HTTP/1.1" 200 -
2025-11-29 14:42:49 - root - INFO - ====invoke retrieve====
2025-11-29 14:42:51 - root - INFO - why API request should be strict discussion
2025-11-29 14:42:51 - root - INFO - [{'id': 1020, 'content': '{"Header 1": "FAQ", "Header 2": "Why is API request subject to strict discussion?"}\n\nWe carefully evaluate new APIs to avoid poor abstractions becoming historical debt. New features are encouraged to be implemented via HOCs first to ensure flexibility and avoid breaking changes.  \n---', 'knowledge_base_name': 'faq-antd.txt', 'knowledge_base_id': 60, 'similarity': 0.7579101424518698}, {'id': 1016, 'content': '{"Header 1": "FAQ", "Header 2": "Can I use internal APIs not documented on the site?"}\n\n**Not recommended.** Internal APIs are not guaranteed to be backward compatible and may be removed or changed without notice. If you must use them, lock your `antd` version or verify compatibility during upgrades.  \n---', 'knowledge_base_name': 'faq-antd.txt', 'knowledge_base_id': 60, 'similarity': 0.5008352550124336}, {'id': 1039, 'content': '{"Header 1": "Upload Component", "Header 2": "FAQ", "Header 3": "How to use `customRequest`?"}\n\nSee: https://github.com/react-component/upload#customrequest', 'knowledge_base_name': 'faq-antd-upload.txt', 'knowledge_base_id': 61, 'similarity': 0.4445572098297923}, {'id': 1084, 'content': '{"Header 1": "FAQ", "Header 2": "Why shouldn\\u2019t I access internal `props`/`state` via `ref`?"}\n\nOnly use officially documented `ref` APIs. Accessing internals creates tight coupling ‚Äî refactorings (e.g., Hooks migration, prop renames) will break your code.  \n---', 'knowledge_base_name': 'faq-antd.txt', 'knowledge_base_id': 60, 'similarity': 0.42432235680657415}, {'id': 1072, 'content': '{"Header 1": "Form", "Header 2": "FAQ", "Header 3": "Why not use `ref` for scrolling?"}\n\nCustom components may not support `ref`; `id` is more reliable and avoids Strict Mode warnings.  \n---', 'knowledge_base_name': 'faq-antd-form.txt', 'knowledge_base_id': 64, 'similarity': 0.4126161724606001}, {'id': 1013, 'content': '{"Header 1": "Upload Component", "Header 2": "Interfaces", "Header 3": "RequestOptions"}\n\nUsed in `customRequest`.  \n| Property | Description | Type | Default |\n| --- | --- | --- | --- |\n| `action` | Upload URL | `string` | - |\n| `data` | Extra params | `Record<string, unknown>` | - |\n| `filename` | File name | `string` | - |\n| `file` | UploadFile object | `UploadFile` | - |\n| `withCredentials` | Send cookies | `boolean` | - |\n| `headers` | Request headers | `Record<string, string>` | - |\n| `method` | HTTP method | `string` | - |\n| `onProgress` | Progress callback | `(event, file) => void` | - |\n| `onError` | Error callback | `(event, body?) => void` | - |\n| `onSuccess` | Success callback | `(body, fileOrXhr?) => void` | - |  \n---', 'knowledge_base_name': 'faq-antd-upload.txt', 'knowledge_base_id': 61, 'similarity': 0.3913787810964994}, {'id': 1034, 'content': '{"Header 1": "Form", "Header 2": "FAQ", "Header 3": "Why can\'t `ref` be called at first render?"}\n\nRefs attach only after mount (React behavior).  \n---', 'knowledge_base_name': 'faq-antd-form.txt', 'knowledge_base_id': 64, 'similarity': 0.3905375702150353}, {'id': 1070, 'content': '{"Header 1": "FAQ", "Header 2": "Why are `message` and `notification` lowercase?"}\n\nThey are functions, not React components ‚Äî so lowercase is correct.  \n---', 'knowledge_base_name': 'faq-antd.txt', 'knowledge_base_id': 60, 'similarity': 0.38995904742939747}, {'id': 1038, 'content': '{"Header 1": "FAQ", "Header 2": "How to avoid breaking changes when updating?"}\n\n`antd` avoids breaking changes in minor/patch versions. Safe practices:  \n- Use official demos and FAQ suggestions.\n- Avoid treating bugs as features.\n- Avoid ‚Äúmagic code‚Äù ‚Äî prefer standard APIs.  \n---', 'knowledge_base_name': 'faq-antd.txt', 'knowledge_base_id': 60, 'similarity': 0.3897659384367246}, {'id': 1066, 'content': '{"Header 1": "Form", "Header 2": "FAQ", "Header 3": "Why no async `normalize`?"}\n\nAsync breaks controlled component interaction. Handle async internally in custom components.  \n---', 'knowledge_base_name': 'faq-antd-form.txt', 'knowledge_base_id': 64, 'similarity': 0.38000510692658396}]
2025-11-29 14:42:51 - werkzeug - INFO - 127.0.0.1 - - [29/Nov/2025 14:42:51] "POST /api/retrieve HTTP/1.1" 200 -
2025-11-29 14:47:11 - root - INFO - ====invoke retrieve====
2025-11-29 14:47:13 - root - INFO - modify default theme of Ant Design
2025-11-29 14:47:13 - root - INFO - [{'id': 1031, 'content': '{"Header 1": "FAQ", "Header 2": "How do I modify the default theme of Ant Design?"}\n\nSee: [Customize Theme](/docs/react/customize-theme)  \n---', 'knowledge_base_name': 'faq-antd.txt', 'knowledge_base_id': 60, 'similarity': 0.7622699964723074}, {'id': 1087, 'content': '{"Header 1": "FAQ", "Header 2": "CSS-in-JS conflicts with TailwindCSS?"}\n\nAdjust antd‚Äôs CSS priority to override. See: [#38794](https://github.com/ant-design/ant-design/issues/38794)  \n---', 'knowledge_base_name': 'faq-antd.txt', 'knowledge_base_id': 60, 'similarity': 0.5916111645582731}, {'id': 1036, 'content': '{"Header 1": "FAQ", "Header 2": "How do I modify `Menu`/`Button` styles?"}\n\nOverriding component styles is **not recommended**, as `antd` enforces a design specification. Customizations may break consistency.  \n---', 'knowledge_base_name': 'faq-antd.txt', 'knowledge_base_id': 60, 'similarity': 0.5893296040686141}, {'id': 1063, 'content': '{"Header 1": "FAQ", "Header 2": "Why does `antd` override my global styles?"}\n\nYes ‚Äî `antd` overrides global styles for convenience in building admin apps. These cannot be removed. See [GitHub #4331](https://github.com/ant-design/ant-design/issues/4331).  \nAlternative: [Avoid Modifying Global Styles](/docs/react/customize-theme#how-to-avoid-modifying-global-styles)  \n---', 'knowledge_base_name': 'faq-antd.txt', 'knowledge_base_id': 60, 'similarity': 0.5842275994434498}, {'id': 1089, 'content': '{"Header 1": "FAQ", "Header 2": "How to disable motion?"}\n\n```jsx\n<ConfigProvider theme={{ token: { motion: false } }}>\n<App />\n</ConfigProvider>\n```  \n---', 'knowledge_base_name': 'faq-antd.txt', 'knowledge_base_id': 60, 'similarity': 0.5785537628164537}, {'id': 1074, 'content': '{"Header 1": "FAQ", "Header 2": "`antd` doesn\\u2019t work well on mobile?"}\n\nUse [Ant Design Mobile](http://mobile.ant.design) or `react-component` repos prefixed with `m-` or `rn-`.  \n---', 'knowledge_base_name': 'faq-antd.txt', 'knowledge_base_id': 60, 'similarity': 0.5568506521315548}, {'id': 1064, 'content': '{"Header 1": "FAQ", "Header 2": "Can\\u2019t install `antd` in mainland China?"}\n\nTry:\n- [npm mirror china](https://npmmirror.com)\n- [cnpm](https://github.com/cnpm/cnpm)  \n---', 'knowledge_base_name': 'faq-antd.txt', 'knowledge_base_id': 60, 'similarity': 0.533831560745362}, {'id': 1080, 'content': '{"Header 1": "FAQ", "Header 2": "Date-related components locale not working?"}\n\nEnsure correct Day.js locale import:  \n```jsx\nimport dayjs from \'dayjs\';\nimport \'dayjs/locale/zh-cn\';\ndayjs.locale(\'zh-cn\');\n```  \nCheck for multiple Day.js versions:  \n```bash\nnpm ls dayjs\n```  \nEnsure version matches [antd‚Äôs Day.js dependency](https://github.com/ant-design/ant-design/blob/master/package.json).  \n---', 'knowledge_base_name': 'faq-antd.txt', 'knowledge_base_id': 60, 'similarity': 0.5336533824984301}, {'id': 1067, 'content': '{"Header 1": "FAQ", "Header 2": "Setting `dependencies.antd` to a git repo doesn\\u2019t work?"}\n\nInstall via `npm` or `yarn` only.  \n---', 'knowledge_base_name': 'faq-antd.txt', 'knowledge_base_id': 60, 'similarity': 0.5328584232929042}, {'id': 1096, 'content': '{"Header 1": "FAQ", "Header 2": "Error using `antd` sub-components with Next.js App Router?"}\n\nError:\n```\nCannot access .Option on the server. You cannot dot into a client module from a server component.\n```  \n**Workarounds**:  \n1. Create wrapper components marked `\'use client\'`:  \n```tsx\n\'use client\';\nimport { Typography as OriginTypography } from \'antd\';\n\nconst Title = React.forwardRef<HTMLElement, TitleProps>((props, ref) => (\n<OriginTypography.Title ref={ref} {...props} />\n));\n\nexport { Title };\n```  \n2. Mark entire page as client-side:  \n```tsx\n\'use client\';\n// Your component code\n```  \nTracking: [Next.js #51593](https://github.com/vercel/next.js/issues/51593)', 'knowledge_base_name': 'faq-antd.txt', 'knowledge_base_id': 60, 'similarity': 0.52988249419719}]
2025-11-29 14:47:13 - werkzeug - INFO - 127.0.0.1 - - [29/Nov/2025 14:47:13] "POST /api/retrieve HTTP/1.1" 200 -
2025-11-29 15:02:09 - root - INFO - Invoek get_knowledeg_base_list
2025-11-29 15:02:09 - root - INFO - ['raw']
2025-11-29 15:02:09 - root - ERROR - ‚ùå Êü•ËØ¢ËΩ¨Â≠óÂÖ∏Â§±Ë¥•: Execution failed on sql: select id::TEXT as id, name, content from knowledge_base where "type" = %s order by id desc
SSL connection has been closed unexpectedly

unable to rollback
2025-11-29 15:02:10 - root - ERROR - Execution failed on sql: select id::TEXT as id, name, content from knowledge_base where "type" = %s order by id desc
SSL connection has been closed unexpectedly

unable to rollback
Traceback (most recent call last):
  File "e:\venv\ai_venv\Lib\site-packages\pandas\io\sql.py", line 2664, in execute
    cur.execute(sql, *args)
psycopg2.OperationalError: SSL connection has been closed unexpectedly


During handling of the above exception, another exception occurred:

Traceback (most recent call last):
  File "e:\venv\ai_venv\Lib\site-packages\pandas\io\sql.py", line 2668, in execute
    self.con.rollback()
psycopg2.InterfaceError: connection already closed

The above exception was the direct cause of the following exception:

Traceback (most recent call last):
  File "e:\py_project\ai\utils\db_util.py", line 146, in query_to_dict
    df = pd.read_sql_query(query, conn, params=params)
         ^^^^^^^^^^^^^^^^^^^^^^^^^^^^^^^^^^^^^^^^^^^^^
  File "e:\venv\ai_venv\Lib\site-packages\pandas\io\sql.py", line 528, in read_sql_query
    return pandas_sql.read_query(
           ^^^^^^^^^^^^^^^^^^^^^^
  File "e:\venv\ai_venv\Lib\site-packages\pandas\io\sql.py", line 2728, in read_query
    cursor = self.execute(sql, params)
             ^^^^^^^^^^^^^^^^^^^^^^^^^
  File "e:\venv\ai_venv\Lib\site-packages\pandas\io\sql.py", line 2673, in execute
    raise ex from inner_exc
pandas.errors.DatabaseError: Execution failed on sql: select id::TEXT as id, name, content from knowledge_base where "type" = %s order by id desc
SSL connection has been closed unexpectedly

unable to rollback
2025-11-29 15:02:10 - werkzeug - INFO - 127.0.0.1 - - [29/Nov/2025 15:02:10] "GET /api/knowledge-base?type=raw HTTP/1.1" 200 -
2025-11-29 15:02:10 - root - INFO - Invoek get_knowledeg_base_list
2025-11-29 15:02:10 - root - INFO - ['raw']
2025-11-29 15:02:10 - root - ERROR - ‚ùå Êü•ËØ¢ËΩ¨Â≠óÂÖ∏Â§±Ë¥•: Execution failed on sql: select id::TEXT as id, name, content from knowledge_base where "type" = %s order by id desc
SSL connection has been closed unexpectedly

unable to rollback
2025-11-29 15:02:10 - root - ERROR - Execution failed on sql: select id::TEXT as id, name, content from knowledge_base where "type" = %s order by id desc
SSL connection has been closed unexpectedly

unable to rollback
Traceback (most recent call last):
  File "e:\venv\ai_venv\Lib\site-packages\pandas\io\sql.py", line 2664, in execute
    cur.execute(sql, *args)
psycopg2.OperationalError: SSL connection has been closed unexpectedly


During handling of the above exception, another exception occurred:

Traceback (most recent call last):
  File "e:\venv\ai_venv\Lib\site-packages\pandas\io\sql.py", line 2668, in execute
    self.con.rollback()
psycopg2.InterfaceError: connection already closed

The above exception was the direct cause of the following exception:

Traceback (most recent call last):
  File "e:\py_project\ai\utils\db_util.py", line 146, in query_to_dict
    df = pd.read_sql_query(query, conn, params=params)
         ^^^^^^^^^^^^^^^^^^^^^^^^^^^^^^^^^^^^^^^^^^^^^
  File "e:\venv\ai_venv\Lib\site-packages\pandas\io\sql.py", line 528, in read_sql_query
    return pandas_sql.read_query(
           ^^^^^^^^^^^^^^^^^^^^^^
  File "e:\venv\ai_venv\Lib\site-packages\pandas\io\sql.py", line 2728, in read_query
    cursor = self.execute(sql, params)
             ^^^^^^^^^^^^^^^^^^^^^^^^^
  File "e:\venv\ai_venv\Lib\site-packages\pandas\io\sql.py", line 2673, in execute
    raise ex from inner_exc
pandas.errors.DatabaseError: Execution failed on sql: select id::TEXT as id, name, content from knowledge_base where "type" = %s order by id desc
SSL connection has been closed unexpectedly

unable to rollback
2025-11-29 15:02:10 - werkzeug - INFO - 127.0.0.1 - - [29/Nov/2025 15:02:10] "GET /api/knowledge-base?type=raw HTTP/1.1" 200 -
